This is pdfTeX, Version 3.1415926-1.40.10 (TeX Live 2009/Debian) (format=pdflatex 2012.7.26)  10 MAY 2014 20:50
entering extended mode
 %&-line parsing enabled.
**memte.tex
(./memte.tex
LaTeX2e <2009/09/24>
Babel <v3.8l> and hyphenation patterns for english, usenglishmax, dumylang, noh
yphenation, loaded.
(/usr/share/texmf-texlive/tex/latex/base/report.cls
Document Class: report 2007/10/19 v1.4h Standard LaTeX document class
(/usr/share/texmf-texlive/tex/latex/base/size11.clo
File: size11.clo 2007/10/19 v1.4h Standard LaTeX file (size option)
)
\c@part=\count79
\c@chapter=\count80
\c@section=\count81
\c@subsection=\count82
\c@subsubsection=\count83
\c@paragraph=\count84
\c@subparagraph=\count85
\c@figure=\count86
\c@table=\count87
\abovecaptionskip=\skip41
\belowcaptionskip=\skip42
\bibindent=\dimen102
)
(/usr/share/texmf-texlive/tex/latex/graphics/graphicx.sty
Package: graphicx 1999/02/16 v1.0f Enhanced LaTeX Graphics (DPC,SPQR)

(/usr/share/texmf-texlive/tex/latex/graphics/keyval.sty
Package: keyval 1999/03/16 v1.13 key=value parser (DPC)
\KV@toks@=\toks14
)
(/usr/share/texmf-texlive/tex/latex/graphics/graphics.sty
Package: graphics 2009/02/05 v1.0o Standard LaTeX Graphics (DPC,SPQR)

(/usr/share/texmf-texlive/tex/latex/graphics/trig.sty
Package: trig 1999/03/16 v1.09 sin cos tan (DPC)
)
(/etc/texmf/tex/latex/config/graphics.cfg
File: graphics.cfg 2009/08/28 v1.8 graphics configuration of TeX Live
)
Package graphics Info: Driver file: dvips.def on input line 91.

(/usr/share/texmf-texlive/tex/latex/graphics/dvips.def
File: dvips.def 1999/02/16 v3.0i Driver-dependant file (DPC,SPQR)
))
\Gin@req@height=\dimen103
\Gin@req@width=\dimen104
)
(/usr/share/texmf-texlive/tex/latex/graphics/epsfig.sty
Package: epsfig 1999/02/16 v1.7a (e)psfig emulation (SPQR)
\epsfxsize=\dimen105
\epsfysize=\dimen106
)
(/usr/share/texmf-texlive/tex/latex/base/inputenc.sty
Package: inputenc 2008/03/30 v1.1d Input encoding file
\inpenc@prehook=\toks15
\inpenc@posthook=\toks16

(/usr/share/texmf-texlive/tex/latex/base/latin1.def
File: latin1.def 2008/03/30 v1.1d Input encoding file
))
(/usr/share/texmf-texlive/tex/generic/babel/babel.sty
Package: babel 2008/07/06 v3.8l The Babel package

(/usr/share/texmf-texlive/tex/generic/babel/spanish.ldf
Language: spanish.ldf 2009/01/02 v5.0h Spanish support from the babel system

(/usr/share/texmf-texlive/tex/generic/babel/babel.def
File: babel.def 2008/07/06 v3.8l Babel common definitions
\babel@savecnt=\count88
\U@D=\dimen107
)

Package babel Warning: No hyphenation patterns were loaded for
(babel)                the language `Spanish'
(babel)                I will use the patterns loaded for \language=0 instead.

\l@spanish = a dialect from \language0
\es@datefmt=\count89
\es@quottoks=\toks17
\es@quotdepth=\count90
Package babel Info: Making " an active character on input line 492.
Package babel Info: Making . an active character on input line 585.
Package babel Info: Making < an active character on input line 630.
Package babel Info: Making > an active character on input line 630.
)) (/usr/share/texmf-texlive/tex/latex/base/alltt.sty
Package: alltt 1997/06/16 v2.0g defines alltt environment
)
(./templates/algorithm.sty

LaTeX Warning: You have requested package `templates/algorithm',
               but the package provides `algorithm'.

Package: algorithm 
Document Style `algorithm' - floating environment
(/usr/share/texmf-texlive/tex/latex/float/float.sty
Package: float 2001/11/08 v1.3d Float enhancements (AL)
\c@float@type=\count91
\float@exts=\toks18
\float@box=\box26
\@float@everytoks=\toks19
\@floatcapt=\box27
)
(/usr/share/texmf-texlive/tex/latex/base/ifthen.sty
Package: ifthen 2001/05/26 v1.1c Standard LaTeX ifthen package (DPC)
)
\@float@every@algorithm=\toks20
\c@algorithm=\count92
)
(./templates/algorithmic.sty

LaTeX Warning: You have requested package `templates/algorithmic',
               but the package provides `algorithmic'.

Package: algorithmic 2006/06/02
Document Style `algorithmic' - environment
(/usr/share/texmf-texlive/tex/latex/tools/calc.sty
Package: calc 2007/08/22 v4.3 Infix arithmetic (KKT,FJ)
\calc@Acount=\count93
\calc@Bcount=\count94
\calc@Adimen=\dimen108
\calc@Bdimen=\dimen109
\calc@Askip=\skip43
\calc@Bskip=\skip44
LaTeX Info: Redefining \setlength on input line 76.
LaTeX Info: Redefining \addtolength on input line 77.
\calc@Ccount=\count95
\calc@Cskip=\skip45
)
\c@ALC@line=\count96
\c@ALC@rem=\count97
\c@ALC@depth=\count98
\ALC@tlm=\skip46
\algorithmicindent=\skip47
) (./templates/multirow.sty
\bigstrutjot=\dimen110
) (/usr/share/texmf-texlive/tex/plain/amsfonts/amssym.def
\msafam=\mathgroup4
\msbfam=\mathgroup5
\eufmfam=\mathgroup6
) (./memte.aux

LaTeX Warning: Label `fig:1' multiply defined.


LaTeX Warning: Label `Internet' multiply defined.


LaTeX Warning: Label `Internet' multiply defined.

)
\openout1 = `memte.aux'.

LaTeX Font Info:    Checking defaults for OML/cmm/m/it on input line 87.
LaTeX Font Info:    ... okay on input line 87.
LaTeX Font Info:    Checking defaults for T1/cmr/m/n on input line 87.
LaTeX Font Info:    ... okay on input line 87.
LaTeX Font Info:    Checking defaults for OT1/cmr/m/n on input line 87.
LaTeX Font Info:    ... okay on input line 87.
LaTeX Font Info:    Checking defaults for OMS/cmsy/m/n on input line 87.
LaTeX Font Info:    ... okay on input line 87.
LaTeX Font Info:    Checking defaults for OMX/cmex/m/n on input line 87.
LaTeX Font Info:    ... okay on input line 87.
LaTeX Font Info:    Checking defaults for U/cmr/m/n on input line 87.
LaTeX Font Info:    ... okay on input line 87.


LaTeX Warning: File `images/logotipo-secundario-ULL.jpeg' not found on input li
ne 104.


! LaTeX Error: File `images/logotipo-secundario-ULL.jpeg' not found.

See the LaTeX manual or LaTeX Companion for explanation.
Type  H <return>  for immediate help.
 ...                                              
                                                  
l.104 ...dth]{images/logotipo-secundario-ULL.jpeg}
                                                  
? 

! LaTeX Error: Cannot determine size of graphic in images/logotipo-secundario-U
LL.jpeg (no BoundingBox).

See the LaTeX manual or LaTeX Companion for explanation.
Type  H <return>  for immediate help.
 ...                                              
                                                  
l.104 ...dth]{images/logotipo-secundario-ULL.jpeg}
                                                  
? 
File: images/logotipo-secundario-ULL.jpeg Graphic file (type eps)
<images/logotipo-secundario-ULL.jpeg>
LaTeX Font Info:    External font `cmex10' loaded for size
(Font)              <24.88> on input line 112.
LaTeX Font Info:    External font `cmex10' loaded for size
(Font)              <20.74> on input line 112.
LaTeX Font Info:    External font `cmex10' loaded for size
(Font)              <17.28> on input line 112.

! Missing $ inserted.
<inserted text> 
                $
l.112         {\Huge Bisección de $f(x)=cos($\pi
                                                $x)$} \\[2.5mm]
? 
! Extra }, or forgotten $.
<recently read> }
                 
l.112 ...  {\Huge Bisección de $f(x)=cos($\pi$x)$}
                                                   \\[2.5mm]
? 

! LaTeX Error: There's no line here to end.

See the LaTeX manual or LaTeX Companion for explanation.
Type  H <return>  for immediate help.
 ...                                              
                                                  
l.112 ...\Huge Bisección de $f(x)=cos($\pi$x)$} \\
                                                  [2.5mm]
? 
! Missing $ inserted.
<inserted text> 
                $
l.112 ...\Huge Bisección de $f(x)=cos($\pi$x)$} \\
                                                  [2.5mm]
? 
! Missing } inserted.
<inserted text> 
                }
l.112 ...\Huge Bisección de $f(x)=cos($\pi$x)$} \\
                                                  [2.5mm]
? 
LaTeX Font Info:    External font `cmex10' loaded for size
(Font)              <14.4> on input line 115.
LaTeX Font Info:    External font `cmex10' loaded for size
(Font)              <7> on input line 115.
! Undefined control sequence.
<argument> Grupo ($1\midA 
                          $)
l.115         {\Large \textit{Grupo ($1\midA$)}
                                               } \\[5mm]
? 
LaTeX Font Info:    External font `cmex10' loaded for size
(Font)              <10.95> on input line 118.
LaTeX Font Info:    External font `cmex10' loaded for size
(Font)              <8> on input line 118.
LaTeX Font Info:    External font `cmex10' loaded for size
(Font)              <6> on input line 118.
[1


Non-PDF special ignored!{/var/lib/texmf/fonts/map/pdftex/updmap/pdftex.map}]
[2

] (./memte.toc)
\tf@toc=\write3
\openout3 = `memte.toc'.

 [1

] [2

] (./memte.lof)
\tf@lof=\write4
\openout4 = `memte.lof'.

 [3

] [4

] (./memte.lot)
\tf@lot=\write5
\openout5 = `memte.lot'.

 [5

] [6

]
Cap\'{\i }tulo 1.
(./tex/cap1.tex) [1

] [2]
Cap\'{\i }tulo 2.
(./tex/cap2.tex

LaTeX Font Warning: Font shape `OT1/cmr/bx/sc' undefined
(Font)              using `OT1/cmr/bx/n' instead on input line 20.

) [3

]
Cap\'{\i }tulo 3.
(./tex/cap3.tex
! You can't use `macro parameter character #' in horizontal mode.
l.23 ('Linux', 'FISICA-PC', '3.2.0-61-generic', '#
                                                  93-Ubuntu SMP Fri May 2 21...

? 
File: cos.eps Graphic file (type eps)
<cos.eps>
File: images/imagen1.eps Graphic file (type eps)
 <images/imagen1.eps> (./tables/table.tex)
Underfull \vbox (badness 10000) has occurred while \output is active []

 [4

])
! Missing $ inserted.
<inserted text> 
                $
l.189 \chapter
              {Conclusiones}
? 
! Missing $ inserted.
<inserted text> 
                $
l.189 \chapter
              {Conclusiones}
? 
[5
Non-PDF special ignored!
Non-PDF special ignored!] [6]
Cap\'{\i }tulo 4.
(./tex/cap4.tex) [7

] [8

]
Ap\'{e}ndice A.
(./tex/apendice1.tex
Underfull \vbox (badness 10000) has occurred while \output is active []

 [9

]
Overfull \hbox (74.05284pt too wide) in paragraph at lines 81--81
[]\OT1/cmtt/m/n/9 A=float(raw_input("Introduzca el extremo inferior del interva
lo (a) en el que se desea buscar la raiz: "))[] 
 []


Overfull \hbox (74.05284pt too wide) in paragraph at lines 81--81
[]\OT1/cmtt/m/n/9 B=float(raw_input("Introduzca el extremo superior del interva
lo (b) en el que se desea buscar la raiz: "))[] 
 []


Overfull \hbox (74.05284pt too wide) in paragraph at lines 81--81
[]\OT1/cmtt/m/n/9 E=float(raw_input("Introduzca el margen de error a partir del
 cual no afecte demasiado a sus calculos: "))[] 
 []

[10]
Overfull \hbox (258.3257pt too wide) in paragraph at lines 168--168
[]    \OT1/cmtt/m/n/9 softinfo={'Several':platform.uname(), 'S.O':platform.plat
form(), 'Pythons Version':platform.python_version(), 'Date':platform.python_bui
ld()}[] 
 []


Underfull \vbox (badness 10000) has occurred while \output is active []


! Missing $ inserted.
<inserted text> 
                $
l.168 \end{verbatim}
                    
? 
! Missing $ inserted.
<inserted text> 
                $
l.168 \end{verbatim}
                    
? 
[11]) [12]
Ap\'{e}ndice B.
(./tex/apendice2.tex [13

]
Overfull \hbox (182.56956pt too wide) in paragraph at lines 53--53
[]\OT1/cmtt/m/n/10.95 A=float(raw_input("Introduzca el extremo inferior del int
ervalo (a) en el que se desea buscar la raiz: "))[] 
 []


Overfull \hbox (182.56956pt too wide) in paragraph at lines 53--53
[]\OT1/cmtt/m/n/10.95 B=float(raw_input("Introduzca el extremo superior del int
ervalo (b) en el que se desea buscar la raiz: "))[] 
 []


Overfull \hbox (182.56956pt too wide) in paragraph at lines 53--53
[]\OT1/cmtt/m/n/10.95 E=float(raw_input("Introduzca el margen de error a partir
 del cual no afecte demasiado a sus calculos: "))[] 
 []


Overfull \hbox (67.59581pt too wide) in paragraph at lines 53--53
[]  \OT1/cmtt/m/n/10.95 print "La raiz que se ha calculado en ese intervalo de 
forma aproximada es:%4.3f" %r[] 
 []


Overfull \hbox (4.36024pt too wide) in paragraph at lines 53--53
[]  \OT1/cmtt/m/n/10.95 print "El tiempo que ha tardado en ejecutarse el calcul
o en segundos es:"[] 
 []


Overfull \hbox (73.3445pt too wide) in paragraph at lines 53--53
[]  \OT1/cmtt/m/n/10.95 print "No podemos asegurar que en el intervalo introduc
ido exista raiz, lo sentimos."[] 
 []


Overfull \hbox (10.10893pt too wide) in paragraph at lines 64--64
[]\OT1/cmtt/m/n/10.95 x=int(raw_input("Introduzca el maximo valor de x para la 
representacion: "))[] 
 []

[14]) (./memte.bbl
! Missing $ inserted.
<inserted text> 
                $
l.1 \begin{thebibliography}{1}
                              
? 
! Missing $ inserted.
<inserted text> 
                $
l.1 \begin{thebibliography}{1}
                              
? 
[15]
! Missing $ inserted.
<inserted text> 
                $
l.18 \newblock www.juegosdelogica.com/numero\_\pi
                                                 .htm
? 
! Missing $ inserted.
<inserted text> 
                $
l.19 
     
? 
! Missing } inserted.
<inserted text> 
                }
l.19 
     
? 
! Extra }, or forgotten \endgroup.
\par ...m \@noitemerr {\@@par }\fi \else {\@@par }
                                                  \fi 
l.19 
     
? 

Underfull \hbox (badness 10000) in paragraph at lines 30--32
[]\OT1/cmr/m/n/10.95 Carmona Teach-ing:  http://www.ma3.upc.edu/users/carmona/t
eaching/clases/08-
 []

) [16

] (./memte.aux)

LaTeX Font Warning: Some font shapes were not available, defaults substituted.


LaTeX Warning: There were multiply-defined labels.

 ) 
Here is how much of TeX's memory you used:
 1791 strings out of 495061
 21738 string characters out of 1182621
 78798 words of memory out of 3000000
 4919 multiletter control sequences out of 15000+50000
 16104 words of font info for 58 fonts, out of 3000000 for 9000
 28 hyphenation exceptions out of 8191
 25i,7n,27p,441b,527s stack positions out of 5000i,500n,10000p,200000b,50000s
</usr/share/texmf-texlive/fonts/type1/public/amsfonts/cm/cmbx10.pfb></usr/sha
re/texmf-texlive/fonts/type1/public/amsfonts/cm/cmbx12.pfb></usr/share/texmf-te
xlive/fonts/type1/public/amsfonts/cm/cmcsc10.pfb></usr/share/texmf-texlive/font
s/type1/public/amsfonts/cm/cmmi10.pfb></usr/share/texmf-texlive/fonts/type1/pub
lic/amsfonts/cm/cmmi12.pfb></usr/share/texmf-texlive/fonts/type1/public/amsfont
s/cm/cmmi6.pfb></usr/share/texmf-texlive/fonts/type1/public/amsfonts/cm/cmmi8.p
fb></usr/share/texmf-texlive/fonts/type1/public/amsfonts/cm/cmr10.pfb></usr/sha
re/texmf-texlive/fonts/type1/public/amsfonts/cm/cmr12.pfb></usr/share/texmf-tex
live/fonts/type1/public/amsfonts/cm/cmr17.pfb></usr/share/texmf-texlive/fonts/t
ype1/public/amsfonts/cm/cmr8.pfb></usr/share/texmf-texlive/fonts/type1/public/a
msfonts/cm/cmsl10.pfb></usr/share/texmf-texlive/fonts/type1/public/amsfonts/cm/
cmss10.pfb></usr/share/texmf-texlive/fonts/type1/public/amsfonts/cm/cmssbx10.pf
b></usr/share/texmf-texlive/fonts/type1/public/amsfonts/cm/cmsy10.pfb></usr/sha
re/texmf-texlive/fonts/type1/public/amsfonts/cm/cmsy8.pfb></usr/share/texmf-tex
live/fonts/type1/public/amsfonts/cm/cmti10.pfb></usr/share/texmf-texlive/fonts/
type1/public/amsfonts/cm/cmti12.pfb></usr/share/texmf-texlive/fonts/type1/publi
c/amsfonts/cm/cmtt10.pfb></usr/share/texmf-texlive/fonts/type1/public/amsfonts/
cm/cmtt9.pfb>
Output written on memte.pdf (24 pages, 273023 bytes).
PDF statistics:
 159 PDF objects out of 1000 (max. 8388607)
 0 named destinations out of 1000 (max. 500000)
 1 words of extra memory for PDF output out of 10000 (max. 10000000)

